initLibrary()
Initialized library.
initOpenGLRenderer(768,1280,0109E90C,256)
RenderServer::create creating TCP streamlisten: created loopback server
 started renderer thread.
rcGetFBParam(1)
Requested FB width: return 768rcGetFBParam(2)
Requested FB height: return 1280rcGetFBParam(8)
rcGetFBParam(8)
rcGetFBParam(5)
rcGetFBParam(6)
rcGetFBParam(7)
rcGetFBParam(8)
rcCreateContext: FrameBuffer::getFB returned something, calling createRenderContext...
createRenderContext: Returning 1rcCreateContext: FrameBuffer::getFB returned something, calling createRenderContext...
createRenderContext: Returning 9rcCreateContext: FrameBuffer::getFB returned something, calling createRenderContext...
createRenderContext: Returning 13rcCreateContext: FrameBuffer::getFB returned something, calling createRenderContext...
createRenderContext: Returning 16rcCreateContext: FrameBuffer::getFB returned something, calling createRenderContext...
createRenderContext: Returning 27rcCreateContext: FrameBuffer::getFB returned something, calling createRenderContext...
createRenderContext: Returning 40rcCreateContext: FrameBuffer::getFB returned something, calling createRenderContext...
createRenderContext: Returning 63initLibrary()
Initialized library.
initOpenGLRenderer(768,1280,007DE6AC,256)
RenderServer::create creating TCP streamlisten: created loopback server
 started renderer thread.
rcGetFBParam(1)
Requested FB width: return 768rcGetFBParam(2)
Requested FB height: return 1280rcGetFBParam(8)
rcGetFBParam(8)
rcGetFBParam(5)
rcGetFBParam(6)
rcGetFBParam(7)
rcGetFBParam(8)
rcCreateContext: FrameBuffer::getFB returned something, calling createRenderContext...
createRenderContext: Returning 1rcCreateContext: FrameBuffer::getFB returned something, calling createRenderContext...
createRenderContext: Returning 9eglMakeCurrent failed
FrameBuffer::post eglMakeCurrent failed
initLibrary()
Initialized library.
initOpenGLRenderer(768,1280,0033ECBC,256)
RenderServer::create creating TCP streamlisten: created loopback server
 started renderer thread.
rcGetFBParam(1)
Requested FB width: return 768rcGetFBParam(2)
Requested FB height: return 1280rcGetFBParam(8)
rcGetFBParam(8)
rcGetFBParam(5)
rcGetFBParam(6)
rcGetFBParam(7)
rcGetFBParam(8)
rcCreateContext: FrameBuffer::getFB returned something, calling createRenderContext...
createRenderContext: Returning 1rcCreateContext: FrameBuffer::getFB returned something, calling createRenderContext...
createRenderContext: Returning 9rcCreateContext: FrameBuffer::getFB returned something, calling createRenderContext...
createRenderContext: Returning 13rcCreateContext: FrameBuffer::getFB returned something, calling createRenderContext...
createRenderContext: Returning 16rcCreateContext: FrameBuffer::getFB returned something, calling createRenderContext...
createRenderContext: Returning 29rcCreateContext: FrameBuffer::getFB returned something, calling createRenderContext...
createRenderContext: Returning 40rcCreateContext: FrameBuffer::getFB returned something, calling createRenderContext...
createRenderContext: Returning 63rcCreateContext: FrameBuffer::getFB returned something, calling createRenderContext...
createRenderContext: Returning 84rcCreateContext: FrameBuffer::getFB returned something, calling createRenderContext...
createRenderContext: Returning 102rcCreateContext: FrameBuffer::getFB returned something, calling createRenderContext...
createRenderContext: Returning 116rcCreateContext: FrameBuffer::getFB returned something, calling createRenderContext...
createRenderContext: Returning 134rcCreateContext: FrameBuffer::getFB returned something, calling createRenderContext...
createRenderContext: Returning 152rcCreateContext: FrameBuffer::getFB returned something, calling createRenderContext...
createRenderContext: Returning 170initLibrary()
Initialized library.
initOpenGLRenderer(768,1280,0065ECEC,256)
RenderServer::create creating TCP streamlisten: created loopback server
 started renderer thread.
rcGetFBParam(1)
Requested FB width: return 768rcGetFBParam(2)
Requested FB height: return 1280rcGetFBParam(8)
rcGetFBParam(8)
rcGetFBParam(5)
rcGetFBParam(6)
rcGetFBParam(7)
rcGetFBParam(8)
rcCreateContext: FrameBuffer::getFB returned something, calling createRenderContext...
createRenderContext: Returning 1rcCreateContext: FrameBuffer::getFB returned something, calling createRenderContext...
createRenderContext: Returning 9rcCreateContext: FrameBuffer::getFB returned something, calling createRenderContext...
createRenderContext: Returning 13rcCreateContext: FrameBuffer::getFB returned something, calling createRenderContext...
createRenderContext: Returning 16rcCreateContext: FrameBuffer::getFB returned something, calling createRenderContext...
createRenderContext: Returning 29rcCreateContext: FrameBuffer::getFB returned something, calling createRenderContext...
createRenderContext: Returning 41rcCreateContext: FrameBuffer::getFB returned something, calling createRenderContext...
createRenderContext: Returning 61rcCreateContext: FrameBuffer::getFB returned something, calling createRenderContext...
createRenderContext: Returning 79rcCreateContext: FrameBuffer::getFB returned something, calling createRenderContext...
createRenderContext: Returning 93rcCreateContext: FrameBuffer::getFB returned something, calling createRenderContext...
createRenderContext: Returning 114rcCreateContext: FrameBuffer::getFB returned something, calling createRenderContext...
createRenderContext: Returning 132rcCreateContext: FrameBuffer::getFB returned something, calling createRenderContext...
createRenderContext: Returning 150rcCreateContext: FrameBuffer::getFB returned something, calling createRenderContext...
createRenderContext: Returning 170rcCreateContext: FrameBuffer::getFB returned something, calling createRenderContext...
createRenderContext: Returning 188rcCreateContext: FrameBuffer::getFB returned something, calling createRenderContext...
createRenderContext: Returning 206